<?xml version="1.0" encoding="UTF-8"?>
<coverage generated="1715143682821" clover="3.2.0">
  <project timestamp="1715143682821" name="All files">
    <metrics statements="108" coveredstatements="108" conditionals="26" coveredconditionals="26" methods="13" coveredmethods="13" elements="147" coveredelements="147" complexity="0" loc="108" ncloc="108" packages="1" files="3" classes="3"/>
    <file name="alnico.const.ts" path="C:\@turtlefly\Code\alnico\src\alnico.const.ts">
      <metrics statements="1" coveredstatements="1" conditionals="0" coveredconditionals="0" methods="0" coveredmethods="0"/>
      <line num="1" count="1" type="stmt"/>
    </file>
    <file name="alnico.ts" path="C:\@turtlefly\Code\alnico\src\alnico.ts">
      <metrics statements="105" coveredstatements="105" conditionals="23" coveredconditionals="23" methods="10" coveredmethods="10"/>
      <line num="1" count="1" type="stmt"/>
      <line num="2" count="1" type="stmt"/>
      <line num="3" count="1" type="stmt"/>
      <line num="4" count="1" type="cond" truecount="1" falsecount="0"/>
      <line num="5" count="220" type="stmt"/>
      <line num="6" count="220" type="stmt"/>
      <line num="7" count="220" type="stmt"/>
      <line num="8" count="220" type="stmt"/>
      <line num="9" count="220" type="stmt"/>
      <line num="10" count="220" type="cond" truecount="1" falsecount="0"/>
      <line num="11" count="220" type="cond" truecount="2" falsecount="0"/>
      <line num="12" count="220" type="stmt"/>
      <line num="13" count="220" type="stmt"/>
      <line num="14" count="220" type="cond" truecount="1" falsecount="0"/>
      <line num="15" count="427" type="stmt"/>
      <line num="16" count="427" type="stmt"/>
      <line num="17" count="427" type="stmt"/>
      <line num="18" count="220" type="stmt"/>
      <line num="19" count="220" type="stmt"/>
      <line num="20" count="220" type="cond" truecount="1" falsecount="0"/>
      <line num="21" count="158" type="stmt"/>
      <line num="22" count="220" type="stmt"/>
      <line num="23" count="220" type="stmt"/>
      <line num="24" count="220" type="cond" truecount="1" falsecount="0"/>
      <line num="25" count="604" type="stmt"/>
      <line num="26" count="604" type="stmt"/>
      <line num="27" count="604" type="stmt"/>
      <line num="28" count="604" type="stmt"/>
      <line num="29" count="220" type="stmt"/>
      <line num="30" count="220" type="stmt"/>
      <line num="31" count="220" type="stmt"/>
      <line num="32" count="1" type="stmt"/>
      <line num="33" count="1" type="cond" truecount="1" falsecount="0"/>
      <line num="34" count="67" type="stmt"/>
      <line num="35" count="67" type="stmt"/>
      <line num="36" count="67" type="stmt"/>
      <line num="37" count="67" type="stmt"/>
      <line num="38" count="67" type="stmt"/>
      <line num="39" count="67" type="stmt"/>
      <line num="40" count="67" type="stmt"/>
      <line num="41" count="67" type="stmt"/>
      <line num="42" count="67" type="stmt"/>
      <line num="43" count="67" type="cond" truecount="1" falsecount="0"/>
      <line num="44" count="593" type="stmt"/>
      <line num="45" count="593" type="stmt"/>
      <line num="46" count="593" type="cond" truecount="2" falsecount="0"/>
      <line num="47" count="6" type="stmt"/>
      <line num="48" count="6" type="stmt"/>
      <line num="49" count="6" type="stmt"/>
      <line num="50" count="6" type="stmt"/>
      <line num="51" count="6" type="stmt"/>
      <line num="52" count="6" type="stmt"/>
      <line num="53" count="6" type="stmt"/>
      <line num="54" count="3" type="cond" truecount="1" falsecount="0"/>
      <line num="55" count="3" type="stmt"/>
      <line num="56" count="67" type="stmt"/>
      <line num="57" count="67" type="stmt"/>
      <line num="58" count="67" type="stmt"/>
      <line num="59" count="67" type="stmt"/>
      <line num="60" count="67" type="stmt"/>
      <line num="61" count="67" type="stmt"/>
      <line num="62" count="67" type="stmt"/>
      <line num="63" count="67" type="stmt"/>
      <line num="64" count="67" type="stmt"/>
      <line num="65" count="67" type="cond" truecount="1" falsecount="0"/>
      <line num="66" count="67" type="stmt"/>
      <line num="67" count="67" type="cond" truecount="1" falsecount="0"/>
      <line num="68" count="66" type="stmt"/>
      <line num="69" count="66" type="stmt"/>
      <line num="70" count="67" type="stmt"/>
      <line num="71" count="67" type="cond" truecount="2" falsecount="0"/>
      <line num="72" count="66" type="stmt"/>
      <line num="73" count="66" type="stmt"/>
      <line num="74" count="66" type="stmt"/>
      <line num="75" count="66" type="stmt"/>
      <line num="76" count="40" type="cond" truecount="1" falsecount="0"/>
      <line num="77" count="40" type="stmt"/>
      <line num="78" count="40" type="stmt"/>
      <line num="79" count="67" type="cond" truecount="1" falsecount="0"/>
      <line num="80" count="117" type="cond" truecount="1" falsecount="0"/>
      <line num="81" count="117" type="stmt"/>
      <line num="82" count="117" type="stmt"/>
      <line num="83" count="117" type="stmt"/>
      <line num="84" count="67" type="stmt"/>
      <line num="85" count="67" type="stmt"/>
      <line num="86" count="67" type="stmt"/>
      <line num="87" count="1" type="stmt"/>
      <line num="88" count="1" type="cond" truecount="1" falsecount="0"/>
      <line num="89" count="110" type="stmt"/>
      <line num="90" count="110" type="stmt"/>
      <line num="91" count="110" type="stmt"/>
      <line num="92" count="1" type="stmt"/>
      <line num="93" count="1" type="stmt"/>
      <line num="94" count="1" type="cond" truecount="1" falsecount="0"/>
      <line num="95" count="1031" type="stmt"/>
      <line num="96" count="1031" type="stmt"/>
      <line num="97" count="1031" type="stmt"/>
      <line num="98" count="1031" type="stmt"/>
      <line num="99" count="1031" type="stmt"/>
      <line num="100" count="1031" type="stmt"/>
      <line num="101" count="1" type="cond" truecount="2" falsecount="0"/>
      <line num="102" count="1" type="stmt"/>
      <line num="103" count="1" type="stmt"/>
      <line num="104" count="1" type="stmt"/>
      <line num="105" count="1" type="stmt"/>
    </file>
    <file name="index.ts" path="C:\@turtlefly\Code\alnico\src\index.ts">
      <metrics statements="2" coveredstatements="2" conditionals="3" coveredconditionals="3" methods="3" coveredmethods="3"/>
      <line num="1" count="1" type="cond" truecount="3" falsecount="0"/>
      <line num="2" count="1" type="stmt"/>
    </file>
  </project>
</coverage>
