{"C:\\@turtlefly\\Code\\g-s\\src\\alnico.const.ts": {"path":"C:\\@turtlefly\\Code\\g-s\\src\\alnico.const.ts","all":false,"statementMap":{"0":{"start":{"line":1,"column":0},"end":{"line":1,"column":69}}},"s":{"0":1},"branchMap":{},"b":{},"fnMap":{},"f":{}}
,"C:\\@turtlefly\\Code\\g-s\\src\\alnico.ts": {"path":"C:\\@turtlefly\\Code\\g-s\\src\\alnico.ts","all":false,"statementMap":{"0":{"start":{"line":1,"column":0},"end":{"line":1,"column":55}},"1":{"start":{"line":2,"column":0},"end":{"line":2,"column":84}},"2":{"start":{"line":3,"column":0},"end":{"line":3,"column":0}},"3":{"start":{"line":4,"column":0},"end":{"line":4,"column":61}},"4":{"start":{"line":5,"column":0},"end":{"line":5,"column":42}},"5":{"start":{"line":6,"column":0},"end":{"line":6,"column":12}},"6":{"start":{"line":7,"column":0},"end":{"line":7,"column":26}},"7":{"start":{"line":8,"column":0},"end":{"line":8,"column":28}},"8":{"start":{"line":9,"column":0},"end":{"line":9,"column":0}},"9":{"start":{"line":10,"column":0},"end":{"line":10,"column":60}},"10":{"start":{"line":11,"column":0},"end":{"line":11,"column":62}},"11":{"start":{"line":12,"column":0},"end":{"line":12,"column":0}},"12":{"start":{"line":13,"column":0},"end":{"line":13,"column":10}},"13":{"start":{"line":14,"column":0},"end":{"line":14,"column":16}},"14":{"start":{"line":15,"column":0},"end":{"line":15,"column":43}},"15":{"start":{"line":16,"column":0},"end":{"line":16,"column":0}},"16":{"start":{"line":17,"column":0},"end":{"line":17,"column":23}},"17":{"start":{"line":18,"column":0},"end":{"line":18,"column":6}},"18":{"start":{"line":19,"column":0},"end":{"line":19,"column":0}},"19":{"start":{"line":20,"column":0},"end":{"line":20,"column":24}},"20":{"start":{"line":21,"column":0},"end":{"line":21,"column":27}},"21":{"start":{"line":22,"column":0},"end":{"line":22,"column":6}},"22":{"start":{"line":23,"column":0},"end":{"line":23,"column":0}},"23":{"start":{"line":24,"column":0},"end":{"line":24,"column":24}},"24":{"start":{"line":25,"column":0},"end":{"line":25,"column":38}},"25":{"start":{"line":26,"column":0},"end":{"line":26,"column":27}},"26":{"start":{"line":27,"column":0},"end":{"line":27,"column":0}},"27":{"start":{"line":28,"column":0},"end":{"line":28,"column":42}},"28":{"start":{"line":29,"column":0},"end":{"line":29,"column":6}},"29":{"start":{"line":30,"column":0},"end":{"line":30,"column":4}},"30":{"start":{"line":31,"column":0},"end":{"line":31,"column":2}},"31":{"start":{"line":32,"column":0},"end":{"line":32,"column":0}},"32":{"start":{"line":33,"column":0},"end":{"line":33,"column":33}},"33":{"start":{"line":34,"column":0},"end":{"line":34,"column":37}},"34":{"start":{"line":35,"column":0},"end":{"line":35,"column":92}},"35":{"start":{"line":36,"column":0},"end":{"line":36,"column":35}},"36":{"start":{"line":37,"column":0},"end":{"line":37,"column":76}},"37":{"start":{"line":38,"column":0},"end":{"line":38,"column":6}},"38":{"start":{"line":39,"column":0},"end":{"line":39,"column":62}},"39":{"start":{"line":40,"column":0},"end":{"line":40,"column":72}},"40":{"start":{"line":41,"column":0},"end":{"line":41,"column":0}},"41":{"start":{"line":42,"column":0},"end":{"line":42,"column":24}},"42":{"start":{"line":43,"column":0},"end":{"line":43,"column":61}},"43":{"start":{"line":44,"column":0},"end":{"line":44,"column":62}},"44":{"start":{"line":45,"column":0},"end":{"line":45,"column":0}},"45":{"start":{"line":46,"column":0},"end":{"line":46,"column":45}},"46":{"start":{"line":47,"column":0},"end":{"line":47,"column":28}},"47":{"start":{"line":48,"column":0},"end":{"line":48,"column":83}},"48":{"start":{"line":49,"column":0},"end":{"line":49,"column":10}},"49":{"start":{"line":50,"column":0},"end":{"line":50,"column":0}},"50":{"start":{"line":51,"column":0},"end":{"line":51,"column":50}},"51":{"start":{"line":52,"column":0},"end":{"line":52,"column":60}},"52":{"start":{"line":53,"column":0},"end":{"line":53,"column":7}},"53":{"start":{"line":54,"column":0},"end":{"line":54,"column":0}},"54":{"start":{"line":55,"column":0},"end":{"line":55,"column":26}},"55":{"start":{"line":56,"column":0},"end":{"line":56,"column":6}},"56":{"start":{"line":57,"column":0},"end":{"line":57,"column":4}},"57":{"start":{"line":58,"column":0},"end":{"line":58,"column":0}},"58":{"start":{"line":59,"column":0},"end":{"line":59,"column":50}},"59":{"start":{"line":60,"column":0},"end":{"line":60,"column":70}},"60":{"start":{"line":61,"column":0},"end":{"line":61,"column":0}},"61":{"start":{"line":62,"column":0},"end":{"line":62,"column":5}},"62":{"start":{"line":63,"column":0},"end":{"line":63,"column":64}},"63":{"start":{"line":64,"column":0},"end":{"line":64,"column":5}},"64":{"start":{"line":65,"column":0},"end":{"line":65,"column":76}},"65":{"start":{"line":66,"column":0},"end":{"line":66,"column":0}},"66":{"start":{"line":67,"column":0},"end":{"line":67,"column":32}},"67":{"start":{"line":68,"column":0},"end":{"line":68,"column":47}},"68":{"start":{"line":69,"column":0},"end":{"line":69,"column":3}},"69":{"start":{"line":70,"column":0},"end":{"line":70,"column":0}},"70":{"start":{"line":71,"column":0},"end":{"line":71,"column":28}},"71":{"start":{"line":72,"column":0},"end":{"line":72,"column":92}},"72":{"start":{"line":73,"column":0},"end":{"line":73,"column":46}},"73":{"start":{"line":74,"column":0},"end":{"line":74,"column":56}},"74":{"start":{"line":75,"column":0},"end":{"line":75,"column":3}},"75":{"start":{"line":76,"column":0},"end":{"line":76,"column":0}},"76":{"start":{"line":77,"column":0},"end":{"line":77,"column":80}},"77":{"start":{"line":78,"column":0},"end":{"line":78,"column":0}},"78":{"start":{"line":79,"column":0},"end":{"line":79,"column":40}},"79":{"start":{"line":80,"column":0},"end":{"line":80,"column":88}},"80":{"start":{"line":81,"column":0},"end":{"line":81,"column":25}},"81":{"start":{"line":82,"column":0},"end":{"line":82,"column":35}},"82":{"start":{"line":83,"column":0},"end":{"line":83,"column":3}},"83":{"start":{"line":84,"column":0},"end":{"line":84,"column":0}},"84":{"start":{"line":85,"column":0},"end":{"line":85,"column":29}},"85":{"start":{"line":86,"column":0},"end":{"line":86,"column":2}},"86":{"start":{"line":87,"column":0},"end":{"line":87,"column":0}},"87":{"start":{"line":88,"column":0},"end":{"line":88,"column":69}},"88":{"start":{"line":89,"column":0},"end":{"line":89,"column":29}},"89":{"start":{"line":90,"column":0},"end":{"line":90,"column":33}},"90":{"start":{"line":91,"column":0},"end":{"line":91,"column":36}},"91":{"start":{"line":92,"column":0},"end":{"line":92,"column":3}},"92":{"start":{"line":93,"column":0},"end":{"line":93,"column":0}},"93":{"start":{"line":94,"column":0},"end":{"line":94,"column":18}},"94":{"start":{"line":95,"column":0},"end":{"line":95,"column":4}},"95":{"start":{"line":96,"column":0},"end":{"line":96,"column":39}},"96":{"start":{"line":97,"column":0},"end":{"line":97,"column":64}},"97":{"start":{"line":98,"column":0},"end":{"line":98,"column":2}},"98":{"start":{"line":99,"column":0},"end":{"line":99,"column":17}},"99":{"start":{"line":100,"column":0},"end":{"line":100,"column":19}},"100":{"start":{"line":101,"column":0},"end":{"line":101,"column":89}},"101":{"start":{"line":102,"column":0},"end":{"line":102,"column":0}},"102":{"start":{"line":103,"column":0},"end":{"line":103,"column":33}},"103":{"start":{"line":104,"column":0},"end":{"line":104,"column":0}},"104":{"start":{"line":105,"column":0},"end":{"line":105,"column":20}}},"s":{"0":1,"1":1,"2":1,"3":1,"4":191,"5":191,"6":191,"7":191,"8":191,"9":191,"10":191,"11":191,"12":191,"13":191,"14":251,"15":251,"16":251,"17":191,"18":191,"19":191,"20":86,"21":191,"22":191,"23":191,"24":331,"25":331,"26":331,"27":331,"28":191,"29":191,"30":191,"31":1,"32":1,"33":58,"34":58,"35":58,"36":58,"37":58,"38":58,"39":58,"40":58,"41":58,"42":58,"43":331,"44":331,"45":331,"46":4,"47":4,"48":4,"49":4,"50":4,"51":4,"52":4,"53":2,"54":2,"55":58,"56":58,"57":58,"58":58,"59":58,"60":58,"61":58,"62":58,"63":58,"64":58,"65":58,"66":58,"67":55,"68":55,"69":58,"70":58,"71":59,"72":59,"73":59,"74":59,"75":35,"76":35,"77":35,"78":58,"79":95,"80":95,"81":95,"82":95,"83":58,"84":58,"85":58,"86":1,"87":1,"88":87,"89":87,"90":87,"91":1,"92":1,"93":1,"94":582,"95":582,"96":582,"97":582,"98":582,"99":582,"100":1,"101":1,"102":1,"103":1,"104":1},"branchMap":{"0":{"type":"branch","line":4,"loc":{"start":{"line":4,"column":19},"end":{"line":31,"column":2}},"locations":[{"start":{"line":4,"column":19},"end":{"line":31,"column":2}}]},"1":{"type":"branch","line":10,"loc":{"start":{"line":10,"column":24},"end":{"line":11,"column":61}},"locations":[{"start":{"line":10,"column":24},"end":{"line":11,"column":61}}]},"2":{"type":"branch","line":11,"loc":{"start":{"line":11,"column":25},"end":{"line":11,"column":57}},"locations":[{"start":{"line":11,"column":25},"end":{"line":11,"column":57}}]},"3":{"type":"branch","line":11,"loc":{"start":{"line":11,"column":58},"end":{"line":11,"column":61}},"locations":[{"start":{"line":11,"column":58},"end":{"line":11,"column":61}}]},"4":{"type":"branch","line":14,"loc":{"start":{"line":14,"column":9},"end":{"line":18,"column":5}},"locations":[{"start":{"line":14,"column":9},"end":{"line":18,"column":5}}]},"5":{"type":"branch","line":20,"loc":{"start":{"line":20,"column":9},"end":{"line":22,"column":5}},"locations":[{"start":{"line":20,"column":9},"end":{"line":22,"column":5}}]},"6":{"type":"branch","line":24,"loc":{"start":{"line":24,"column":9},"end":{"line":29,"column":5}},"locations":[{"start":{"line":24,"column":9},"end":{"line":29,"column":5}}]},"7":{"type":"branch","line":33,"loc":{"start":{"line":33,"column":32},"end":{"line":86,"column":2}},"locations":[{"start":{"line":33,"column":32},"end":{"line":86,"column":2}}]},"8":{"type":"branch","line":67,"loc":{"start":{"line":67,"column":31},"end":{"line":69,"column":3}},"locations":[{"start":{"line":67,"column":31},"end":{"line":69,"column":3}}]},"9":{"type":"branch","line":71,"loc":{"start":{"line":71,"column":27},"end":{"line":79,"column":39}},"locations":[{"start":{"line":71,"column":27},"end":{"line":79,"column":39}}]},"10":{"type":"branch","line":71,"loc":{"start":{"line":71,"column":27},"end":{"line":75,"column":3}},"locations":[{"start":{"line":71,"column":27},"end":{"line":75,"column":3}}]},"11":{"type":"branch","line":76,"loc":{"start":{"line":76,"column":-1},"end":{"line":79,"column":39}},"locations":[{"start":{"line":76,"column":-1},"end":{"line":79,"column":39}}]},"12":{"type":"branch","line":79,"loc":{"start":{"line":79,"column":39},"end":{"line":83,"column":3}},"locations":[{"start":{"line":79,"column":39},"end":{"line":83,"column":3}}]},"13":{"type":"branch","line":43,"loc":{"start":{"line":43,"column":9},"end":{"line":56,"column":5}},"locations":[{"start":{"line":43,"column":9},"end":{"line":56,"column":5}}]},"14":{"type":"branch","line":46,"loc":{"start":{"line":46,"column":44},"end":{"line":56,"column":5}},"locations":[{"start":{"line":46,"column":44},"end":{"line":56,"column":5}}]},"15":{"type":"branch","line":46,"loc":{"start":{"line":46,"column":44},"end":{"line":53,"column":7}},"locations":[{"start":{"line":46,"column":44},"end":{"line":53,"column":7}}]},"16":{"type":"branch","line":54,"loc":{"start":{"line":54,"column":-1},"end":{"line":56,"column":5}},"locations":[{"start":{"line":54,"column":-1},"end":{"line":56,"column":5}}]},"17":{"type":"branch","line":65,"loc":{"start":{"line":65,"column":40},"end":{"line":65,"column":55}},"locations":[{"start":{"line":65,"column":40},"end":{"line":65,"column":55}}]},"18":{"type":"branch","line":80,"loc":{"start":{"line":80,"column":21},"end":{"line":80,"column":87}},"locations":[{"start":{"line":80,"column":21},"end":{"line":80,"column":87}}]},"19":{"type":"branch","line":88,"loc":{"start":{"line":88,"column":22},"end":{"line":92,"column":2}},"locations":[{"start":{"line":88,"column":22},"end":{"line":92,"column":2}}]},"20":{"type":"branch","line":94,"loc":{"start":{"line":94,"column":17},"end":{"line":101,"column":88}},"locations":[{"start":{"line":94,"column":17},"end":{"line":101,"column":88}}]},"21":{"type":"branch","line":101,"loc":{"start":{"line":101,"column":18},"end":{"line":101,"column":50}},"locations":[{"start":{"line":101,"column":18},"end":{"line":101,"column":50}}]},"22":{"type":"branch","line":101,"loc":{"start":{"line":101,"column":50},"end":{"line":101,"column":87}},"locations":[{"start":{"line":101,"column":50},"end":{"line":101,"column":87}}]}},"b":{"0":[191],"1":[582],"2":[52],"3":[530],"4":[251],"5":[86],"6":[331],"7":[58],"8":[55],"9":[50],"10":[59],"11":[35],"12":[95],"13":[331],"14":[195],"15":[4],"16":[2],"17":[35],"18":[134],"19":[87],"20":[582],"21":[272],"22":[58]},"fnMap":{"0":{"name":"gse","decl":{"start":{"line":4,"column":19},"end":{"line":31,"column":2}},"loc":{"start":{"line":4,"column":19},"end":{"line":31,"column":2}},"line":4},"1":{"name":"retrieveValue","decl":{"start":{"line":10,"column":24},"end":{"line":11,"column":61}},"loc":{"start":{"line":10,"column":24},"end":{"line":11,"column":61}},"line":10},"2":{"name":"get","decl":{"start":{"line":14,"column":9},"end":{"line":18,"column":5}},"loc":{"start":{"line":14,"column":9},"end":{"line":18,"column":5}},"line":14},"3":{"name":"set","decl":{"start":{"line":20,"column":9},"end":{"line":22,"column":5}},"loc":{"start":{"line":20,"column":9},"end":{"line":22,"column":5}},"line":20},"4":{"name":"exc","decl":{"start":{"line":24,"column":9},"end":{"line":29,"column":5}},"loc":{"start":{"line":24,"column":9},"end":{"line":29,"column":5}},"line":24},"5":{"name":"compose","decl":{"start":{"line":33,"column":32},"end":{"line":86,"column":2}},"loc":{"start":{"line":33,"column":32},"end":{"line":86,"column":2}},"line":33},"6":{"name":"get","decl":{"start":{"line":43,"column":9},"end":{"line":56,"column":5}},"loc":{"start":{"line":43,"column":9},"end":{"line":56,"column":5}},"line":43},"7":{"name":"composed","decl":{"start":{"line":80,"column":21},"end":{"line":80,"column":87}},"loc":{"start":{"line":80,"column":21},"end":{"line":80,"column":87}},"line":80},"8":{"name":"lazily","decl":{"start":{"line":88,"column":22},"end":{"line":92,"column":2}},"loc":{"start":{"line":88,"column":22},"end":{"line":92,"column":2}},"line":88},"9":{"name":"isLazily","decl":{"start":{"line":94,"column":17},"end":{"line":101,"column":88}},"loc":{"start":{"line":94,"column":17},"end":{"line":101,"column":88}},"line":94}},"f":{"0":191,"1":582,"2":251,"3":86,"4":331,"5":58,"6":331,"7":134,"8":87,"9":582}}
,"C:\\@turtlefly\\Code\\g-s\\src\\index.ts": {"path":"C:\\@turtlefly\\Code\\g-s\\src\\index.ts","all":false,"statementMap":{"0":{"start":{"line":1,"column":0},"end":{"line":1,"column":52}},"1":{"start":{"line":2,"column":0},"end":{"line":2,"column":62}}},"s":{"0":1,"1":1},"branchMap":{"0":{"type":"branch","line":1,"loc":{"start":{"line":1,"column":9},"end":{"line":1,"column":18}},"locations":[{"start":{"line":1,"column":9},"end":{"line":1,"column":18}}]},"1":{"type":"branch","line":1,"loc":{"start":{"line":1,"column":18},"end":{"line":1,"column":27}},"locations":[{"start":{"line":1,"column":18},"end":{"line":1,"column":27}}]},"2":{"type":"branch","line":1,"loc":{"start":{"line":1,"column":27},"end":{"line":1,"column":52}},"locations":[{"start":{"line":1,"column":27},"end":{"line":1,"column":52}}]}},"b":{"0":[59],"1":[2],"2":[30]},"fnMap":{"0":{"name":"get","decl":{"start":{"line":1,"column":9},"end":{"line":1,"column":18}},"loc":{"start":{"line":1,"column":9},"end":{"line":1,"column":18}},"line":1},"1":{"name":"get","decl":{"start":{"line":1,"column":18},"end":{"line":1,"column":27}},"loc":{"start":{"line":1,"column":18},"end":{"line":1,"column":27}},"line":1},"2":{"name":"get","decl":{"start":{"line":1,"column":27},"end":{"line":1,"column":52}},"loc":{"start":{"line":1,"column":27},"end":{"line":1,"column":52}},"line":1}},"f":{"0":59,"1":2,"2":30}}
}
