TN:
SF:src\alnico.const.ts
FNF:0
FNH:0
DA:1,1
LF:1
LH:1
BRF:0
BRH:0
end_of_record
TN:
SF:src\alnico.ts
FN:4,gse
FN:10,retrieveValue
FN:14,get
FN:20,set
FN:24,exc
FN:33,compose
FN:43,get
FN:80,composed
FN:88,lazily
FN:94,isLazily
FNF:10
FNH:10
FNDA:191,gse
FNDA:582,retrieveValue
FNDA:251,get
FNDA:86,set
FNDA:331,exc
FNDA:58,compose
FNDA:331,get
FNDA:134,composed
FNDA:87,lazily
FNDA:582,isLazily
DA:1,1
DA:2,1
DA:3,1
DA:4,1
DA:5,191
DA:6,191
DA:7,191
DA:8,191
DA:9,191
DA:10,191
DA:11,191
DA:12,191
DA:13,191
DA:14,191
DA:15,251
DA:16,251
DA:17,251
DA:18,191
DA:19,191
DA:20,191
DA:21,86
DA:22,191
DA:23,191
DA:24,191
DA:25,331
DA:26,331
DA:27,331
DA:28,331
DA:29,191
DA:30,191
DA:31,191
DA:32,1
DA:33,1
DA:34,58
DA:35,58
DA:36,58
DA:37,58
DA:38,58
DA:39,58
DA:40,58
DA:41,58
DA:42,58
DA:43,58
DA:44,331
DA:45,331
DA:46,331
DA:47,4
DA:48,4
DA:49,4
DA:50,4
DA:51,4
DA:52,4
DA:53,4
DA:54,2
DA:55,2
DA:56,58
DA:57,58
DA:58,58
DA:59,58
DA:60,58
DA:61,58
DA:62,58
DA:63,58
DA:64,58
DA:65,58
DA:66,58
DA:67,58
DA:68,55
DA:69,55
DA:70,58
DA:71,58
DA:72,59
DA:73,59
DA:74,59
DA:75,59
DA:76,35
DA:77,35
DA:78,35
DA:79,58
DA:80,95
DA:81,95
DA:82,95
DA:83,95
DA:84,58
DA:85,58
DA:86,58
DA:87,1
DA:88,1
DA:89,87
DA:90,87
DA:91,87
DA:92,1
DA:93,1
DA:94,1
DA:95,582
DA:96,582
DA:97,582
DA:98,582
DA:99,582
DA:100,582
DA:101,1
DA:102,1
DA:103,1
DA:104,1
DA:105,1
LF:105
LH:105
BRDA:4,0,0,191
BRDA:10,1,0,582
BRDA:11,2,0,52
BRDA:11,3,0,530
BRDA:14,4,0,251
BRDA:20,5,0,86
BRDA:24,6,0,331
BRDA:33,7,0,58
BRDA:67,8,0,55
BRDA:71,9,0,50
BRDA:71,10,0,59
BRDA:76,11,0,35
BRDA:79,12,0,95
BRDA:43,13,0,331
BRDA:46,14,0,195
BRDA:46,15,0,4
BRDA:54,16,0,2
BRDA:65,17,0,35
BRDA:80,18,0,134
BRDA:88,19,0,87
BRDA:94,20,0,582
BRDA:101,21,0,272
BRDA:101,22,0,58
BRF:23
BRH:23
end_of_record
TN:
SF:src\index.ts
FN:1,get
FN:1,get
FN:1,get
FNF:3
FNH:3
FNDA:59,get
FNDA:2,get
FNDA:30,get
DA:1,1
DA:2,1
LF:2
LH:2
BRDA:1,0,0,59
BRDA:1,1,0,2
BRDA:1,2,0,30
BRF:3
BRH:3
end_of_record
