TN:
SF:src\alnico.const.ts
FNF:0
FNH:0
DA:1,1
LF:1
LH:1
BRF:0
BRH:0
end_of_record
TN:
SF:src\alnico.ts
FN:4,gse
FN:10,retrieveValue
FN:14,get
FN:20,set
FN:24,exc
FN:33,compose
FN:43,get
FN:80,composed
FN:88,lazily
FN:94,isLazily
FNF:10
FNH:10
FNDA:220,gse
FNDA:1031,retrieveValue
FNDA:427,get
FNDA:158,set
FNDA:604,exc
FNDA:67,compose
FNDA:593,get
FNDA:270,composed
FNDA:110,lazily
FNDA:1031,isLazily
DA:1,1
DA:2,1
DA:3,1
DA:4,1
DA:5,220
DA:6,220
DA:7,220
DA:8,220
DA:9,220
DA:10,220
DA:11,220
DA:12,220
DA:13,220
DA:14,220
DA:15,427
DA:16,427
DA:17,427
DA:18,220
DA:19,220
DA:20,220
DA:21,158
DA:22,220
DA:23,220
DA:24,220
DA:25,604
DA:26,604
DA:27,604
DA:28,604
DA:29,220
DA:30,220
DA:31,220
DA:32,1
DA:33,1
DA:34,67
DA:35,67
DA:36,67
DA:37,67
DA:38,67
DA:39,67
DA:40,67
DA:41,67
DA:42,67
DA:43,67
DA:44,593
DA:45,593
DA:46,593
DA:47,6
DA:48,6
DA:49,6
DA:50,6
DA:51,6
DA:52,6
DA:53,6
DA:54,3
DA:55,3
DA:56,67
DA:57,67
DA:58,67
DA:59,67
DA:60,67
DA:61,67
DA:62,67
DA:63,67
DA:64,67
DA:65,67
DA:66,67
DA:67,67
DA:68,66
DA:69,66
DA:70,67
DA:71,67
DA:72,66
DA:73,66
DA:74,66
DA:75,66
DA:76,40
DA:77,40
DA:78,40
DA:79,67
DA:80,117
DA:81,117
DA:82,117
DA:83,117
DA:84,67
DA:85,67
DA:86,67
DA:87,1
DA:88,1
DA:89,110
DA:90,110
DA:91,110
DA:92,1
DA:93,1
DA:94,1
DA:95,1031
DA:96,1031
DA:97,1031
DA:98,1031
DA:99,1031
DA:100,1031
DA:101,1
DA:102,1
DA:103,1
DA:104,1
DA:105,1
LF:105
LH:105
BRDA:4,0,0,220
BRDA:10,1,0,1031
BRDA:11,2,0,69
BRDA:11,3,0,962
BRDA:14,4,0,427
BRDA:20,5,0,158
BRDA:24,6,0,604
BRDA:33,7,0,67
BRDA:67,8,0,66
BRDA:71,9,0,59
BRDA:71,10,0,66
BRDA:76,11,0,40
BRDA:79,12,0,117
BRDA:43,13,0,593
BRDA:46,14,0,457
BRDA:46,15,0,6
BRDA:54,16,0,3
BRDA:65,17,0,43
BRDA:80,18,0,270
BRDA:88,19,0,110
BRDA:94,20,0,1031
BRDA:101,21,0,447
BRDA:101,22,0,111
BRF:23
BRH:23
end_of_record
TN:
SF:src\index.ts
FN:1,get
FN:1,get
FN:1,get
FNF:3
FNH:3
FNDA:69,get
FNDA:3,get
FNDA:45,get
DA:1,1
DA:2,1
LF:2
LH:2
BRDA:1,0,0,69
BRDA:1,1,0,3
BRDA:1,2,0,45
BRF:3
BRH:3
end_of_record
